Arguments: 
  C:\Program Files\nodejs\node.exe C:\Program Files\nodejs\node_modules\yarn\bin\yarn.js start

PATH: 
  C:\Python27\;C:\Python27\Scripts;C:\Program Files\Microsoft MPI\Bin\;C:\WINDOWS\system32;C:\WINDOWS;C:\WINDOWS\System32\Wbem;C:\WINDOWS\System32\WindowsPowerShell\v1.0\;C:\Program Files\dotnet\;C:\Program Files\Microsoft SQL Server\130\Tools\Binn\;C:\Program Files\Git\cmd;C:\Program Files\CMake\bin;C:\Program Files (x86)\Microsoft SQL Server\140\Tools\Binn\;C:\Program Files\Microsoft SQL Server\140\Tools\Binn\;C:\Program Files (x86)\Microsoft SQL Server\140\DTS\Binn\;C:\Program Files\Microsoft SQL Server\140\DTS\Binn\;C:\Program Files\Microsoft SQL Server\Client SDK\ODBC\130\Tools\Binn\;C:\Program Files (x86)\Microsoft SQL Server\Client SDK\ODBC\130\Tools\Binn\;C:\Program Files (x86)\Microsoft SQL Server\140\Tools\Binn\ManagementStudio\;C:\Program Files\Python36\;C:\Users\Anderson\AppData\Roaming\nvm;C:\Program Files\nodejs;C:\Program Files (x86)\Java\jre1.8.0_161\bin;C:\Program Files (x86)\Geth;C:\Users\Anderson\Downloads\neo-compiler-master\neon\bin\release\netcoreapp1.1\win10-x64;C:\Program Files\Geth;C:\Users\Anderson\AppData\Local\Microsoft\WindowsApps;C:\Program Files\Microsoft VS Code\bin;C:\Users\Anderson\AppData\Roaming\nvm;C:\Program Files\nodejs

Yarn version: 
  1.5.1

Node version: 
  9.10.0

Platform: 
  win32 x64

npm manifest: 
  {
  	"name": "my-blockchain-demo",
  	"version": "1.0.0",
  	"main": "app.js",
  	"author": "Anderson",
  	"license": "MIT",
  	"scripts": {
  		"ts": "tsc -w",
  		"server": "nodemon ./build/app.js",
  		"start": "tsc && node ./build/app.js",
  		"test": "yarn start test",
  		"build": "yarn start build",
  		"presetup": "yarn install"
  	},
  	"dependencies": {
  		"@types/node": "^9.6.0",
  		"readline-sync": "^1.4.9"
  	}
  }

yarn manifest: 
  No manifest

Lockfile: 
  # THIS IS AN AUTOGENERATED FILE. DO NOT EDIT THIS FILE DIRECTLY.
  # yarn lockfile v1
  
  
  "@types/node@^9.6.0":
    version "9.6.0"
    resolved "https://registry.yarnpkg.com/@types/node/-/node-9.6.0.tgz#d3480ee666df9784b1001a1872a2f6ccefb6c2d7"
  
  readline-sync@^1.4.9:
    version "1.4.9"
    resolved "https://registry.yarnpkg.com/readline-sync/-/readline-sync-1.4.9.tgz#3eda8e65f23cd2a17e61301b1f0003396af5ecda"

Trace: 
  Error: Command failed.
  Exit code: 2
  Command: C:\WINDOWS\system32\cmd.exe
  Arguments: /d /s /c tsc && node ./build/app.js
  Directory: C:\Users\Anderson\Downloads\blockchain-demo-master\my-blockchain-demo
  Output:
  
      at ProcessTermError.MessageError (C:\Users\Anderson\AppData\Roaming\nvm\v9.10.0\node_modules\yarn\lib\cli.js:186:110)
      at new ProcessTermError (C:\Users\Anderson\AppData\Roaming\nvm\v9.10.0\node_modules\yarn\lib\cli.js:226:113)
      at ChildProcess.<anonymous> (C:\Users\Anderson\AppData\Roaming\nvm\v9.10.0\node_modules\yarn\lib\cli.js:30281:17)
      at ChildProcess.emit (events.js:180:13)
      at maybeClose (internal/child_process.js:936:16)
      at Process.ChildProcess._handle.onexit (internal/child_process.js:220:5)
